[2019-07-14 23:24:40.188] [exthost] [info] extension host started
[2019-07-14 23:24:40.397] [exthost] [info] ExtensionService#_doActivateExtension aaron-bond.better-comments {"startup":false,"activationEvent":"onLanguage:plaintext"}
[2019-07-14 23:24:40.398] [exthost] [info] ExtensionService#loadCommonJSModule /home/michal/.vscode/extensions/aaron-bond.better-comments-2.0.5/out/extension
[2019-07-14 23:24:40.421] [exthost] [info] ExtensionService#_doActivateExtension vscode.debug-auto-launch {"startup":true,"activationEvent":"*"}
[2019-07-14 23:24:40.422] [exthost] [info] ExtensionService#loadCommonJSModule /usr/share/code/resources/app/extensions/debug-auto-launch/dist/extension
[2019-07-14 23:24:40.442] [exthost] [info] ExtensionService#_doActivateExtension vscode.emmet {"startup":true,"activationEvent":"*"}
[2019-07-14 23:24:40.443] [exthost] [info] ExtensionService#loadCommonJSModule /usr/share/code/resources/app/extensions/emmet/dist/extension
[2019-07-14 23:24:40.540] [exthost] [info] ExtensionService#_doActivateExtension vscode.git {"startup":true,"activationEvent":"*"}
[2019-07-14 23:24:40.540] [exthost] [info] ExtensionService#loadCommonJSModule /usr/share/code/resources/app/extensions/git/dist/main
[2019-07-14 23:24:41.135] [exthost] [info] ExtensionService#_doActivateExtension vscode.merge-conflict {"startup":true,"activationEvent":"*"}
[2019-07-14 23:24:41.135] [exthost] [info] ExtensionService#loadCommonJSModule /usr/share/code/resources/app/extensions/merge-conflict/dist/extension
[2019-07-14 23:24:41.169] [exthost] [info] ExtensionService#_doActivateExtension alefragnani.project-manager {"startup":true,"activationEvent":"*"}
[2019-07-14 23:24:41.170] [exthost] [info] ExtensionService#loadCommonJSModule /home/michal/.vscode/extensions/alefragnani.project-manager-10.5.2/dist/extension
[2019-07-14 23:24:41.247] [exthost] [info] ExtensionService#_doActivateExtension christian-kohler.path-intellisense {"startup":true,"activationEvent":"*"}
[2019-07-14 23:24:41.247] [exthost] [info] ExtensionService#loadCommonJSModule /home/michal/.vscode/extensions/christian-kohler.path-intellisense-1.4.2/out/src/extension
[2019-07-14 23:24:41.460] [exthost] [info] ExtensionService#_doActivateExtension CoenraadS.bracket-pair-colorizer {"startup":true,"activationEvent":"*"}
[2019-07-14 23:24:41.460] [exthost] [info] ExtensionService#loadCommonJSModule /home/michal/.vscode/extensions/coenraads.bracket-pair-colorizer-1.0.61/out/src/extension
[2019-07-14 23:24:41.562] [exthost] [info] ExtensionService#_doActivateExtension EditorConfig.EditorConfig {"startup":true,"activationEvent":"*"}
[2019-07-14 23:24:41.563] [exthost] [info] ExtensionService#loadCommonJSModule /home/michal/.vscode/extensions/editorconfig.editorconfig-0.13.0/out/src/editorConfigMain
[2019-07-14 23:24:41.829] [exthost] [info] ExtensionService#_doActivateExtension formulahendry.auto-close-tag {"startup":true,"activationEvent":"*"}
[2019-07-14 23:24:41.829] [exthost] [info] ExtensionService#loadCommonJSModule /home/michal/.vscode/extensions/formulahendry.auto-close-tag-0.5.6/out/src/extension
[2019-07-14 23:24:41.833] [exthost] [info] ExtensionService#_doActivateExtension formulahendry.auto-rename-tag {"startup":true,"activationEvent":"*"}
[2019-07-14 23:24:41.833] [exthost] [info] ExtensionService#loadCommonJSModule /home/michal/.vscode/extensions/formulahendry.auto-rename-tag-0.1.0/out/src/extension
[2019-07-14 23:24:41.862] [exthost] [info] ExtensionService#_doActivateExtension michelemelluso.code-beautifier {"startup":true,"activationEvent":"*"}
[2019-07-14 23:24:41.862] [exthost] [info] ExtensionService#loadCommonJSModule /home/michal/.vscode/extensions/michelemelluso.code-beautifier-2.2.1/out/src/extension
[2019-07-14 23:24:42.053] [exthost] [info] ExtensionService#_doActivateExtension PKief.material-icon-theme {"startup":true,"activationEvent":"*"}
[2019-07-14 23:24:42.071] [exthost] [info] ExtensionService#loadCommonJSModule /home/michal/.vscode/extensions/pkief.material-icon-theme-3.8.0/dist/extension
[2019-07-14 23:24:42.145] [exthost] [info] ExtensionService#_doActivateExtension pranaygp.vscode-css-peek {"startup":true,"activationEvent":"*"}
[2019-07-14 23:24:42.145] [exthost] [info] ExtensionService#loadCommonJSModule /home/michal/.vscode/extensions/pranaygp.vscode-css-peek-3.0.2/out/client/src/extension
[2019-07-14 23:24:42.527] [exthost] [info] ExtensionService#_doActivateExtension vscode-icons-team.vscode-icons {"startup":true,"activationEvent":"*"}
[2019-07-14 23:24:42.527] [exthost] [info] ExtensionService#loadCommonJSModule /home/michal/.vscode/extensions/vscode-icons-team.vscode-icons-8.8.0/out/src/
[2019-07-14 23:24:43.297] [exthost] [info] ExtensionService#_doActivateExtension Zignd.html-css-class-completion {"startup":true,"activationEvent":"*"}
[2019-07-14 23:24:43.297] [exthost] [info] ExtensionService#loadCommonJSModule /home/michal/.vscode/extensions/zignd.html-css-class-completion-1.19.0/out/src/extension
[2019-07-14 23:24:48.927] [exthost] [info] eager extensions activated
[2019-07-14 23:24:55.204] [exthost] [info] ExtensionService#_doActivateExtension formulahendry.docker-explorer {"startup":false,"activationEvent":"onView:DockerHubTreeView"}
[2019-07-14 23:24:55.204] [exthost] [info] ExtensionService#loadCommonJSModule /home/michal/.vscode/extensions/formulahendry.docker-explorer-0.1.6/out/src/extension
[2019-07-14 23:24:59.123] [exthost] [info] ExtensionService#_doActivateExtension ms-azuretools.vscode-docker {"startup":false,"activationEvent":"onView:dockerImages"}
[2019-07-14 23:24:59.123] [exthost] [info] ExtensionService#loadCommonJSModule /home/michal/.vscode/extensions/ms-azuretools.vscode-docker-0.7.0/main
[2019-07-14 23:33:22.252] [exthost] [info] extension host started
[2019-07-14 23:33:22.438] [exthost] [info] ExtensionService#_doActivateExtension aaron-bond.better-comments {"startup":false,"activationEvent":"onLanguage:plaintext"}
[2019-07-14 23:33:22.438] [exthost] [info] ExtensionService#loadCommonJSModule /home/michal/.vscode/extensions/aaron-bond.better-comments-2.0.5/out/extension
[2019-07-14 23:33:22.448] [exthost] [info] ExtensionService#_doActivateExtension vscode.debug-auto-launch {"startup":true,"activationEvent":"*"}
[2019-07-14 23:33:22.451] [exthost] [info] ExtensionService#loadCommonJSModule /usr/share/code/resources/app/extensions/debug-auto-launch/dist/extension
[2019-07-14 23:33:22.470] [exthost] [info] ExtensionService#_doActivateExtension vscode.emmet {"startup":true,"activationEvent":"*"}
[2019-07-14 23:33:22.470] [exthost] [info] ExtensionService#loadCommonJSModule /usr/share/code/resources/app/extensions/emmet/dist/extension
[2019-07-14 23:33:22.592] [exthost] [info] ExtensionService#_doActivateExtension vscode.git {"startup":true,"activationEvent":"*"}
[2019-07-14 23:33:22.592] [exthost] [info] ExtensionService#loadCommonJSModule /usr/share/code/resources/app/extensions/git/dist/main
[2019-07-14 23:33:23.056] [exthost] [info] ExtensionService#_doActivateExtension vscode.merge-conflict {"startup":true,"activationEvent":"*"}
[2019-07-14 23:33:23.057] [exthost] [info] ExtensionService#loadCommonJSModule /usr/share/code/resources/app/extensions/merge-conflict/dist/extension
[2019-07-14 23:33:23.108] [exthost] [info] ExtensionService#_doActivateExtension alefragnani.project-manager {"startup":true,"activationEvent":"*"}
[2019-07-14 23:33:23.108] [exthost] [info] ExtensionService#loadCommonJSModule /home/michal/.vscode/extensions/alefragnani.project-manager-10.5.2/dist/extension
[2019-07-14 23:33:23.212] [exthost] [info] ExtensionService#_doActivateExtension christian-kohler.path-intellisense {"startup":true,"activationEvent":"*"}
[2019-07-14 23:33:23.213] [exthost] [info] ExtensionService#loadCommonJSModule /home/michal/.vscode/extensions/christian-kohler.path-intellisense-1.4.2/out/src/extension
[2019-07-14 23:33:23.280] [exthost] [info] ExtensionService#_doActivateExtension CoenraadS.bracket-pair-colorizer {"startup":true,"activationEvent":"*"}
[2019-07-14 23:33:23.280] [exthost] [info] ExtensionService#loadCommonJSModule /home/michal/.vscode/extensions/coenraads.bracket-pair-colorizer-1.0.61/out/src/extension
[2019-07-14 23:33:23.398] [exthost] [info] ExtensionService#_doActivateExtension EditorConfig.EditorConfig {"startup":true,"activationEvent":"*"}
[2019-07-14 23:33:23.398] [exthost] [info] ExtensionService#loadCommonJSModule /home/michal/.vscode/extensions/editorconfig.editorconfig-0.13.0/out/src/editorConfigMain
[2019-07-14 23:33:23.499] [exthost] [info] ExtensionService#_doActivateExtension formulahendry.auto-close-tag {"startup":true,"activationEvent":"*"}
[2019-07-14 23:33:23.499] [exthost] [info] ExtensionService#loadCommonJSModule /home/michal/.vscode/extensions/formulahendry.auto-close-tag-0.5.6/out/src/extension
[2019-07-14 23:33:23.503] [exthost] [info] ExtensionService#_doActivateExtension formulahendry.auto-rename-tag {"startup":true,"activationEvent":"*"}
[2019-07-14 23:33:23.504] [exthost] [info] ExtensionService#loadCommonJSModule /home/michal/.vscode/extensions/formulahendry.auto-rename-tag-0.1.0/out/src/extension
[2019-07-14 23:33:23.510] [exthost] [info] ExtensionService#_doActivateExtension michelemelluso.code-beautifier {"startup":true,"activationEvent":"*"}
[2019-07-14 23:33:23.510] [exthost] [info] ExtensionService#loadCommonJSModule /home/michal/.vscode/extensions/michelemelluso.code-beautifier-2.2.1/out/src/extension
[2019-07-14 23:33:23.702] [exthost] [info] ExtensionService#_doActivateExtension PKief.material-icon-theme {"startup":true,"activationEvent":"*"}
[2019-07-14 23:33:23.702] [exthost] [info] ExtensionService#loadCommonJSModule /home/michal/.vscode/extensions/pkief.material-icon-theme-3.8.0/dist/extension
[2019-07-14 23:33:23.802] [exthost] [info] ExtensionService#_doActivateExtension pranaygp.vscode-css-peek {"startup":true,"activationEvent":"*"}
[2019-07-14 23:33:23.802] [exthost] [info] ExtensionService#loadCommonJSModule /home/michal/.vscode/extensions/pranaygp.vscode-css-peek-3.0.2/out/client/src/extension
[2019-07-14 23:33:23.971] [exthost] [info] ExtensionService#_doActivateExtension vscode-icons-team.vscode-icons {"startup":true,"activationEvent":"*"}
[2019-07-14 23:33:23.971] [exthost] [info] ExtensionService#loadCommonJSModule /home/michal/.vscode/extensions/vscode-icons-team.vscode-icons-8.8.0/out/src/
[2019-07-14 23:33:24.147] [exthost] [info] ExtensionService#_doActivateExtension Zignd.html-css-class-completion {"startup":true,"activationEvent":"*"}
[2019-07-14 23:33:24.147] [exthost] [info] ExtensionService#loadCommonJSModule /home/michal/.vscode/extensions/zignd.html-css-class-completion-1.19.0/out/src/extension
[2019-07-14 23:33:25.049] [exthost] [info] eager extensions activated
