[2019-07-14 23:39:57.878] [exthost] [info] extension host started
[2019-07-14 23:39:58.133] [exthost] [info] ExtensionService#_doActivateExtension aaron-bond.better-comments {"startup":false,"activationEvent":"onLanguage:plaintext"}
[2019-07-14 23:39:58.133] [exthost] [info] ExtensionService#loadCommonJSModule /home/michal/.vscode/extensions/aaron-bond.better-comments-2.0.5/out/extension
[2019-07-14 23:39:58.155] [exthost] [info] ExtensionService#_doActivateExtension vscode.debug-auto-launch {"startup":true,"activationEvent":"*"}
[2019-07-14 23:39:58.156] [exthost] [info] ExtensionService#loadCommonJSModule /usr/share/code/resources/app/extensions/debug-auto-launch/dist/extension
[2019-07-14 23:39:58.169] [exthost] [info] ExtensionService#_doActivateExtension vscode.emmet {"startup":true,"activationEvent":"*"}
[2019-07-14 23:39:58.169] [exthost] [info] ExtensionService#loadCommonJSModule /usr/share/code/resources/app/extensions/emmet/dist/extension
[2019-07-14 23:39:58.288] [exthost] [info] ExtensionService#_doActivateExtension vscode.git {"startup":true,"activationEvent":"*"}
[2019-07-14 23:39:58.288] [exthost] [info] ExtensionService#loadCommonJSModule /usr/share/code/resources/app/extensions/git/dist/main
[2019-07-14 23:39:58.940] [exthost] [info] ExtensionService#_doActivateExtension vscode.merge-conflict {"startup":true,"activationEvent":"*"}
[2019-07-14 23:39:58.940] [exthost] [info] ExtensionService#loadCommonJSModule /usr/share/code/resources/app/extensions/merge-conflict/dist/extension
[2019-07-14 23:39:58.955] [exthost] [info] ExtensionService#_doActivateExtension alefragnani.project-manager {"startup":true,"activationEvent":"*"}
[2019-07-14 23:39:58.955] [exthost] [info] ExtensionService#loadCommonJSModule /home/michal/.vscode/extensions/alefragnani.project-manager-10.5.2/dist/extension
[2019-07-14 23:39:58.981] [exthost] [info] ExtensionService#_doActivateExtension christian-kohler.path-intellisense {"startup":true,"activationEvent":"*"}
[2019-07-14 23:39:58.981] [exthost] [info] ExtensionService#loadCommonJSModule /home/michal/.vscode/extensions/christian-kohler.path-intellisense-1.4.2/out/src/extension
[2019-07-14 23:39:59.006] [exthost] [info] ExtensionService#_doActivateExtension CoenraadS.bracket-pair-colorizer {"startup":true,"activationEvent":"*"}
[2019-07-14 23:39:59.006] [exthost] [info] ExtensionService#loadCommonJSModule /home/michal/.vscode/extensions/coenraads.bracket-pair-colorizer-1.0.61/out/src/extension
[2019-07-14 23:39:59.046] [exthost] [info] ExtensionService#_doActivateExtension EditorConfig.EditorConfig {"startup":true,"activationEvent":"*"}
[2019-07-14 23:39:59.046] [exthost] [info] ExtensionService#loadCommonJSModule /home/michal/.vscode/extensions/editorconfig.editorconfig-0.13.0/out/src/editorConfigMain
[2019-07-14 23:39:59.141] [exthost] [info] ExtensionService#_doActivateExtension formulahendry.auto-close-tag {"startup":true,"activationEvent":"*"}
[2019-07-14 23:39:59.150] [exthost] [info] ExtensionService#loadCommonJSModule /home/michal/.vscode/extensions/formulahendry.auto-close-tag-0.5.6/out/src/extension
[2019-07-14 23:39:59.153] [exthost] [info] ExtensionService#_doActivateExtension formulahendry.auto-rename-tag {"startup":true,"activationEvent":"*"}
[2019-07-14 23:39:59.153] [exthost] [info] ExtensionService#loadCommonJSModule /home/michal/.vscode/extensions/formulahendry.auto-rename-tag-0.1.0/out/src/extension
[2019-07-14 23:39:59.160] [exthost] [info] ExtensionService#_doActivateExtension michelemelluso.code-beautifier {"startup":true,"activationEvent":"*"}
[2019-07-14 23:39:59.160] [exthost] [info] ExtensionService#loadCommonJSModule /home/michal/.vscode/extensions/michelemelluso.code-beautifier-2.2.1/out/src/extension
[2019-07-14 23:39:59.426] [exthost] [info] ExtensionService#_doActivateExtension PKief.material-icon-theme {"startup":true,"activationEvent":"*"}
[2019-07-14 23:39:59.426] [exthost] [info] ExtensionService#loadCommonJSModule /home/michal/.vscode/extensions/pkief.material-icon-theme-3.8.0/dist/extension
[2019-07-14 23:39:59.530] [exthost] [info] ExtensionService#_doActivateExtension pranaygp.vscode-css-peek {"startup":true,"activationEvent":"*"}
[2019-07-14 23:39:59.531] [exthost] [info] ExtensionService#loadCommonJSModule /home/michal/.vscode/extensions/pranaygp.vscode-css-peek-3.0.2/out/client/src/extension
[2019-07-14 23:39:59.867] [exthost] [info] ExtensionService#_doActivateExtension vscode-icons-team.vscode-icons {"startup":true,"activationEvent":"*"}
[2019-07-14 23:39:59.867] [exthost] [info] ExtensionService#loadCommonJSModule /home/michal/.vscode/extensions/vscode-icons-team.vscode-icons-8.8.0/out/src/
[2019-07-14 23:40:00.558] [exthost] [info] ExtensionService#_doActivateExtension Zignd.html-css-class-completion {"startup":true,"activationEvent":"*"}
[2019-07-14 23:40:00.573] [exthost] [info] ExtensionService#loadCommonJSModule /home/michal/.vscode/extensions/zignd.html-css-class-completion-1.19.0/out/src/extension
[2019-07-14 23:40:04.397] [exthost] [info] eager extensions activated
[2019-07-14 23:41:47.141] [exthost] [info] ExtensionService#_doActivateExtension vscode.python {"startup":false,"activationEvent":"onLanguage:python"}
[2019-07-14 23:41:47.141] [exthost] [info] ExtensionService#loadCommonJSModule /usr/share/code/resources/app/extensions/python/out/pythonMain
[2019-07-14 23:41:47.142] [exthost] [info] ExtensionService#_doActivateExtension henriiik.docker-linter {"startup":false,"activationEvent":"onLanguage:python"}
[2019-07-14 23:41:47.143] [exthost] [info] ExtensionService#loadCommonJSModule /home/michal/.vscode/extensions/henriiik.docker-linter-0.5.0/out/src/extension
[2019-07-14 23:41:47.284] [exthost] [info] ExtensionService#_doActivateExtension ms-python.python {"startup":false,"activationEvent":"onLanguage:python"}
[2019-07-14 23:41:47.287] [exthost] [info] ExtensionService#loadCommonJSModule /home/michal/.vscode/extensions/ms-python.python-2019.6.24221/out/client/extension
[2019-07-14 23:41:49.414] [exthost] [info] ExtensionService#_doActivateExtension tht13.python {"startup":false,"activationEvent":"onLanguage:python"}
[2019-07-14 23:41:49.414] [exthost] [info] ExtensionService#loadCommonJSModule /home/michal/.vscode/extensions/tht13.python-0.2.3/out/client/src/pythonMain
[2019-07-14 23:43:11.637] [exthost] [info] ExtensionService#_doActivateExtension ms-azuretools.vscode-docker {"startup":false,"activationEvent":"onLanguage:yaml"}
[2019-07-14 23:43:11.637] [exthost] [info] ExtensionService#loadCommonJSModule /home/michal/.vscode/extensions/ms-azuretools.vscode-docker-0.7.0/main
[2019-07-15 00:38:39.209] [exthost] [info] ExtensionService#_doActivateExtension vscode.html-language-features {"startup":false,"activationEvent":"onLanguage:html"}
[2019-07-15 00:38:39.209] [exthost] [info] ExtensionService#loadCommonJSModule /usr/share/code/resources/app/extensions/html-language-features/client/dist/htmlMain
[2019-07-15 00:38:39.575] [exthost] [info] ExtensionService#_doActivateExtension ecmel.vscode-html-css {"startup":false,"activationEvent":"onLanguage:html"}
[2019-07-15 00:38:39.576] [exthost] [info] ExtensionService#loadCommonJSModule /home/michal/.vscode/extensions/ecmel.vscode-html-css-0.2.0/out/src/extension
