Initializing document watcher...
Detected change in configuration: {}
1.book_list/run.py: {}
1.book_list/requirements.txt: {}
1.book_list/run.py: {}
1.book_list/docker-compose.yml: {}
1.book_list/docker-compose.yml: {}
1.book_list/docker-compose.yml: {}
1.book_list/docker-compose.yml: {}
1.book_list/docker-compose.yml: {}
1.book_list/docker-compose.yml: {}
1.book_list/docker-compose.yml: {}
1.book_list/app/models.py: {}
1.book_list/run.py: {}
1.book_list/app/models.py: {}
1.book_list/run.py: {}
1.book_list/app/models.py: {}
1.book_list/app/main/routes.py: {}
1.book_list/app/main/routes.py: {}
1.book_list/app/main/routes.py: {}
1.book_list/app/models.py: {}
1.book_list/app/main/routes.py: {}
1.book_list/app/main/routes.py: {}
1.book_list/app/models.py: {}
1.book_list/app/models.py: {}
1.book_list/docker-compose.yml: {}
1.book_list/docker-compose.yml: {}
1.book_list/app/models.py: {}
1.book_list/app/models.py: {}
1.book_list/app/models.py: {}
1.book_list/app/models.py: {}
1.book_list/app/models.py: Using EditorConfig core...
1.book_list/app/templates/add_book.html: {}
1.book_list/app/models.py: {}
1.book_list/app/models.py: Using EditorConfig core...
1.book_list/app/models.py: {}
1.book_list/app/main/routes.py: {}
1.book_list/app/models.py: {}
1.book_list/run.py: {}
1.book_list/app/templates/add_book.html: {}
1.book_list/app/main/routes.py: {}
1.book_list/app/models.py: {}
1.book_list/app/main/routes.py: {}
1.book_list/app/main/routes.py: Using EditorConfig core...
1.book_list/app/models.py: {}
1.book_list/app/models.py: Using EditorConfig core...
1.book_list/app/templates/add_book.html: {}
1.book_list/app/templates/add_book.html: Using EditorConfig core...
1.book_list/app/templates/add_book.html: {}
1.book_list/app/templates/add_book.html: {}
1.book_list/app/models.py: {}
1.book_list/app/models.py: {}
1.book_list/app/models.py: Using EditorConfig core...
1.book_list/app/main/routes.py: {}
1.book_list/app/models.py: Using EditorConfig core...
1.book_list/app/models.py: {}
1.book_list/app/models.py: {}
1.book_list/app/models.py: Using EditorConfig core...
1.book_list/app/models.py: Using EditorConfig core...
1.book_list/app/models.py: Using EditorConfig core...
1.book_list/app/models.py: {}
1.book_list/app/models.py: Using EditorConfig core...
1.book_list/app/models.py: {}
1.book_list/app/models.py: {}
1.book_list/app/main/routes.py: {}
1.book_list/app/main/routes.py: Using EditorConfig core...
1.book_list/app/main/routes.py: {}
1.book_list/app/main/routes.py: {}
1.book_list/app/models.py: {}
1.book_list/app/models.py: Using EditorConfig core...
1.book_list/app/models.py: {}
1.book_list/app/models.py: {}
tasks: {}
tasks: {}
tasks: {}
tasks: {}
tasks: {}
tasks: {}
1.book_list/app/models.py: Using EditorConfig core...
1.book_list/app/main/routes.py: Using EditorConfig core...
1.book_list/app/main/routes.py: Using EditorConfig core...
tasks: {}
1.book_list/app/main/routes.py: Using EditorConfig core...
tasks: {}
1.book_list/app/main/routes.py: Using EditorConfig core...
tasks: {}
tasks: {}
tasks: {}
tasks: {}
1.book_list/app/main/routes.py: Using EditorConfig core...
1.book_list/app/main/routes.py: Using EditorConfig core...
tasks: {}
tasks: {}
tasks: {}
1.book_list/app/templates/list_of_books.html: Using EditorConfig core...
tasks: {}
1.book_list/app/templates/list_of_books.html: Using EditorConfig core...
1.book_list/app/templates/list_of_books.html: Using EditorConfig core...
1.book_list/app/main/routes.py: Using EditorConfig core...
tasks: {}
1.book_list/app/templates/list_of_books.html: Using EditorConfig core...
1.book_list/app/templates/list_of_books.html: Using EditorConfig core...
tasks: {}
1.book_list/app/templates/list_of_books.html: Using EditorConfig core...
tasks: {}
tasks: {}
tasks: {}
1.book_list/app/templates/list_of_books.html: Using EditorConfig core...
1.book_list/app/templates/list_of_books.html: Using EditorConfig core...
tasks: {}
1.book_list/app/templates/list_of_books.html: Using EditorConfig core...
1.book_list/app/models.py: Using EditorConfig core...
tasks: {}
tasks: {}
1.book_list/app/templates/list_of_books.html: Using EditorConfig core...
tasks: {}
1.book_list/app/templates/list_of_books.html: Using EditorConfig core...
tasks: {}
1.book_list/app/templates/list_of_books.html: Using EditorConfig core...
1.book_list/app/templates/list_of_books.html: Using EditorConfig core...
tasks: {}
tasks: {}
tasks: {}
tasks: {}
1.book_list/app/templates/list_of_books.html: Using EditorConfig core...
tasks: {}
tasks: {}
1.book_list/app/templates/list_of_books.html: Using EditorConfig core...
1.book_list/app/templates/list_of_books.html: Using EditorConfig core...
1.book_list/app/models.py: Using EditorConfig core...
tasks: {}
1.book_list/app/templates/list_of_books.html: Using EditorConfig core...
tasks: {}
tasks: {}
1.book_list/app/templates/list_of_books.html: Using EditorConfig core...
1.book_list/app/main/routes.py: Using EditorConfig core...
tasks: {}
tasks: {}
tasks: {}
tasks: {}
1.book_list/app/main/routes.py: Using EditorConfig core...
1.book_list/app/main/routes.py: Using EditorConfig core...
1.book_list/app/main/routes.py: Using EditorConfig core...
1.book_list/app/templates/list_of_books.html: Using EditorConfig core...
tasks: {}
tasks: {}
1.book_list/app/__init__.py: Using EditorConfig core...
1.book_list/app/main/routes.py: Using EditorConfig core...
1.book_list/commands.py: Using EditorConfig core...
1.book_list/app/main/routes.py: Using EditorConfig core...
tasks: {}
1.book_list/app/main/routes.py: Using EditorConfig core...
