[Server(92659) file:///home/michal/mwarszczynski/git_repo/Python/portfolio/1.book_list] Started and initialize received
[Server(92659) file:///home/michal/mwarszczynski/git_repo/Python/portfolio/1.book_list] Setup a stylesheet lookup map
[Server(92659) file:///home/michal/mwarszczynski/git_repo/Python/portfolio/1.book_list] Document opened: file:///home/michal/mwarszczynski/git_repo/Python/portfolio/1.book_list/app/templates/add_book.html
[Server(92659) file:///home/michal/mwarszczynski/git_repo/Python/portfolio/1.book_list] Document changed: file:///home/michal/mwarszczynski/git_repo/Python/portfolio/1.book_list/app/templates/add_book.html
[Server(92659) file:///home/michal/mwarszczynski/git_repo/Python/portfolio/1.book_list] Document changed: file:///home/michal/mwarszczynski/git_repo/Python/portfolio/1.book_list/app/templates/add_book.html
[Server(92659) file:///home/michal/mwarszczynski/git_repo/Python/portfolio/1.book_list] Document opened: file:///home/michal/mwarszczynski/git_repo/Python/portfolio/1.book_list/app/templates/errors/400.html
[Server(92659) file:///home/michal/mwarszczynski/git_repo/Python/portfolio/1.book_list] Document changed: file:///home/michal/mwarszczynski/git_repo/Python/portfolio/1.book_list/app/templates/errors/400.html
Invalid Selector...
[Server(92659) file:///home/michal/mwarszczynski/git_repo/Python/portfolio/1.book_list] Document opened: file:///home/michal/mwarszczynski/git_repo/Python/portfolio/1.book_list/app/templates/add_book_post.html
[Server(92659) file:///home/michal/mwarszczynski/git_repo/Python/portfolio/1.book_list] Document changed: file:///home/michal/mwarszczynski/git_repo/Python/portfolio/1.book_list/app/templates/add_book_post.html
[Server(92659) file:///home/michal/mwarszczynski/git_repo/Python/portfolio/1.book_list] Document opened: file:///home/michal/mwarszczynski/git_repo/Python/portfolio/1.book_list/app/templates/list_of_books.html
[Server(92659) file:///home/michal/mwarszczynski/git_repo/Python/portfolio/1.book_list] Document changed: file:///home/michal/mwarszczynski/git_repo/Python/portfolio/1.book_list/app/templates/list_of_books.html
[Server(92659) file:///home/michal/mwarszczynski/git_repo/Python/portfolio/1.book_list] Document changed: file:///home/michal/mwarszczynski/git_repo/Python/portfolio/1.book_list/app/templates/list_of_books.html
[Server(92659) file:///home/michal/mwarszczynski/git_repo/Python/portfolio/1.book_list] Document changed: file:///home/michal/mwarszczynski/git_repo/Python/portfolio/1.book_list/app/templates/list_of_books.html
[Server(92659) file:///home/michal/mwarszczynski/git_repo/Python/portfolio/1.book_list] Document changed: file:///home/michal/mwarszczynski/git_repo/Python/portfolio/1.book_list/app/templates/list_of_books.html
[Server(92659) file:///home/michal/mwarszczynski/git_repo/Python/portfolio/1.book_list] Document changed: file:///home/michal/mwarszczynski/git_repo/Python/portfolio/1.book_list/app/templates/list_of_books.html
[Server(92659) file:///home/michal/mwarszczynski/git_repo/Python/portfolio/1.book_list] Document changed: file:///home/michal/mwarszczynski/git_repo/Python/portfolio/1.book_list/app/templates/list_of_books.html
[Server(92659) file:///home/michal/mwarszczynski/git_repo/Python/portfolio/1.book_list] Document changed: file:///home/michal/mwarszczynski/git_repo/Python/portfolio/1.book_list/app/templates/list_of_books.html
[Server(92659) file:///home/michal/mwarszczynski/git_repo/Python/portfolio/1.book_list] Document changed: file:///home/michal/mwarszczynski/git_repo/Python/portfolio/1.book_list/app/templates/list_of_books.html
[Server(92659) file:///home/michal/mwarszczynski/git_repo/Python/portfolio/1.book_list] Document changed: file:///home/michal/mwarszczynski/git_repo/Python/portfolio/1.book_list/app/templates/list_of_books.html
[Server(92659) file:///home/michal/mwarszczynski/git_repo/Python/portfolio/1.book_list] Document changed: file:///home/michal/mwarszczynski/git_repo/Python/portfolio/1.book_list/app/templates/list_of_books.html
[Server(92659) file:///home/michal/mwarszczynski/git_repo/Python/portfolio/1.book_list] Document changed: file:///home/michal/mwarszczynski/git_repo/Python/portfolio/1.book_list/app/templates/list_of_books.html
[Server(92659) file:///home/michal/mwarszczynski/git_repo/Python/portfolio/1.book_list] Document changed: file:///home/michal/mwarszczynski/git_repo/Python/portfolio/1.book_list/app/templates/list_of_books.html
[Server(92659) file:///home/michal/mwarszczynski/git_repo/Python/portfolio/1.book_list] Document changed: file:///home/michal/mwarszczynski/git_repo/Python/portfolio/1.book_list/app/templates/list_of_books.html
[Server(92659) file:///home/michal/mwarszczynski/git_repo/Python/portfolio/1.book_list] Document changed: file:///home/michal/mwarszczynski/git_repo/Python/portfolio/1.book_list/app/templates/list_of_books.html
[Server(92659) file:///home/michal/mwarszczynski/git_repo/Python/portfolio/1.book_list] Document changed: file:///home/michal/mwarszczynski/git_repo/Python/portfolio/1.book_list/app/templates/list_of_books.html
[Server(92659) file:///home/michal/mwarszczynski/git_repo/Python/portfolio/1.book_list] Document changed: file:///home/michal/mwarszczynski/git_repo/Python/portfolio/1.book_list/app/templates/list_of_books.html
[Server(92659) file:///home/michal/mwarszczynski/git_repo/Python/portfolio/1.book_list] Document changed: file:///home/michal/mwarszczynski/git_repo/Python/portfolio/1.book_list/app/templates/list_of_books.html
[Server(92659) file:///home/michal/mwarszczynski/git_repo/Python/portfolio/1.book_list] Document changed: file:///home/michal/mwarszczynski/git_repo/Python/portfolio/1.book_list/app/templates/list_of_books.html
[Server(92659) file:///home/michal/mwarszczynski/git_repo/Python/portfolio/1.book_list] Document changed: file:///home/michal/mwarszczynski/git_repo/Python/portfolio/1.book_list/app/templates/list_of_books.html
[Server(92659) file:///home/michal/mwarszczynski/git_repo/Python/portfolio/1.book_list] Document changed: file:///home/michal/mwarszczynski/git_repo/Python/portfolio/1.book_list/app/templates/list_of_books.html
[Server(92659) file:///home/michal/mwarszczynski/git_repo/Python/portfolio/1.book_list] Document changed: file:///home/michal/mwarszczynski/git_repo/Python/portfolio/1.book_list/app/templates/list_of_books.html
[Server(92659) file:///home/michal/mwarszczynski/git_repo/Python/portfolio/1.book_list] Document changed: file:///home/michal/mwarszczynski/git_repo/Python/portfolio/1.book_list/app/templates/list_of_books.html
[Server(92659) file:///home/michal/mwarszczynski/git_repo/Python/portfolio/1.book_list] Document changed: file:///home/michal/mwarszczynski/git_repo/Python/portfolio/1.book_list/app/templates/list_of_books.html
[Server(92659) file:///home/michal/mwarszczynski/git_repo/Python/portfolio/1.book_list] Document changed: file:///home/michal/mwarszczynski/git_repo/Python/portfolio/1.book_list/app/templates/list_of_books.html
[Server(92659) file:///home/michal/mwarszczynski/git_repo/Python/portfolio/1.book_list] Document changed: file:///home/michal/mwarszczynski/git_repo/Python/portfolio/1.book_list/app/templates/list_of_books.html
[Server(92659) file:///home/michal/mwarszczynski/git_repo/Python/portfolio/1.book_list] Document changed: file:///home/michal/mwarszczynski/git_repo/Python/portfolio/1.book_list/app/templates/list_of_books.html
[Server(92659) file:///home/michal/mwarszczynski/git_repo/Python/portfolio/1.book_list] Document changed: file:///home/michal/mwarszczynski/git_repo/Python/portfolio/1.book_list/app/templates/list_of_books.html
[Server(92659) file:///home/michal/mwarszczynski/git_repo/Python/portfolio/1.book_list] Document changed: file:///home/michal/mwarszczynski/git_repo/Python/portfolio/1.book_list/app/templates/list_of_books.html
[Server(92659) file:///home/michal/mwarszczynski/git_repo/Python/portfolio/1.book_list] Document changed: file:///home/michal/mwarszczynski/git_repo/Python/portfolio/1.book_list/app/templates/list_of_books.html
[Server(92659) file:///home/michal/mwarszczynski/git_repo/Python/portfolio/1.book_list] Document changed: file:///home/michal/mwarszczynski/git_repo/Python/portfolio/1.book_list/app/templates/list_of_books.html
[Server(92659) file:///home/michal/mwarszczynski/git_repo/Python/portfolio/1.book_list] Document changed: file:///home/michal/mwarszczynski/git_repo/Python/portfolio/1.book_list/app/templates/list_of_books.html
[Server(92659) file:///home/michal/mwarszczynski/git_repo/Python/portfolio/1.book_list] Document changed: file:///home/michal/mwarszczynski/git_repo/Python/portfolio/1.book_list/app/templates/list_of_books.html
[Server(92659) file:///home/michal/mwarszczynski/git_repo/Python/portfolio/1.book_list] Document changed: file:///home/michal/mwarszczynski/git_repo/Python/portfolio/1.book_list/app/templates/list_of_books.html
[Server(92659) file:///home/michal/mwarszczynski/git_repo/Python/portfolio/1.book_list] Document changed: file:///home/michal/mwarszczynski/git_repo/Python/portfolio/1.book_list/app/templates/list_of_books.html
[Server(92659) file:///home/michal/mwarszczynski/git_repo/Python/portfolio/1.book_list] Document changed: file:///home/michal/mwarszczynski/git_repo/Python/portfolio/1.book_list/app/templates/list_of_books.html
[Server(92659) file:///home/michal/mwarszczynski/git_repo/Python/portfolio/1.book_list] Document changed: file:///home/michal/mwarszczynski/git_repo/Python/portfolio/1.book_list/app/templates/list_of_books.html
[Server(92659) file:///home/michal/mwarszczynski/git_repo/Python/portfolio/1.book_list] Document changed: file:///home/michal/mwarszczynski/git_repo/Python/portfolio/1.book_list/app/templates/list_of_books.html
[Server(92659) file:///home/michal/mwarszczynski/git_repo/Python/portfolio/1.book_list] Document changed: file:///home/michal/mwarszczynski/git_repo/Python/portfolio/1.book_list/app/templates/list_of_books.html
[Server(92659) file:///home/michal/mwarszczynski/git_repo/Python/portfolio/1.book_list] Document changed: file:///home/michal/mwarszczynski/git_repo/Python/portfolio/1.book_list/app/templates/list_of_books.html
[Server(92659) file:///home/michal/mwarszczynski/git_repo/Python/portfolio/1.book_list] Document changed: file:///home/michal/mwarszczynski/git_repo/Python/portfolio/1.book_list/app/templates/list_of_books.html
[Server(92659) file:///home/michal/mwarszczynski/git_repo/Python/portfolio/1.book_list] Document changed: file:///home/michal/mwarszczynski/git_repo/Python/portfolio/1.book_list/app/templates/list_of_books.html
[Server(92659) file:///home/michal/mwarszczynski/git_repo/Python/portfolio/1.book_list] Document changed: file:///home/michal/mwarszczynski/git_repo/Python/portfolio/1.book_list/app/templates/list_of_books.html
[Server(92659) file:///home/michal/mwarszczynski/git_repo/Python/portfolio/1.book_list] Document changed: file:///home/michal/mwarszczynski/git_repo/Python/portfolio/1.book_list/app/templates/list_of_books.html
[Server(92659) file:///home/michal/mwarszczynski/git_repo/Python/portfolio/1.book_list] Document changed: file:///home/michal/mwarszczynski/git_repo/Python/portfolio/1.book_list/app/templates/list_of_books.html
[Server(92659) file:///home/michal/mwarszczynski/git_repo/Python/portfolio/1.book_list] Document changed: file:///home/michal/mwarszczynski/git_repo/Python/portfolio/1.book_list/app/templates/list_of_books.html
[Server(92659) file:///home/michal/mwarszczynski/git_repo/Python/portfolio/1.book_list] Document changed: file:///home/michal/mwarszczynski/git_repo/Python/portfolio/1.book_list/app/templates/list_of_books.html
[Server(92659) file:///home/michal/mwarszczynski/git_repo/Python/portfolio/1.book_list] Document changed: file:///home/michal/mwarszczynski/git_repo/Python/portfolio/1.book_list/app/templates/list_of_books.html
[Server(92659) file:///home/michal/mwarszczynski/git_repo/Python/portfolio/1.book_list] Document changed: file:///home/michal/mwarszczynski/git_repo/Python/portfolio/1.book_list/app/templates/list_of_books.html
[Server(92659) file:///home/michal/mwarszczynski/git_repo/Python/portfolio/1.book_list] Document changed: file:///home/michal/mwarszczynski/git_repo/Python/portfolio/1.book_list/app/templates/list_of_books.html
[Server(92659) file:///home/michal/mwarszczynski/git_repo/Python/portfolio/1.book_list] Document changed: file:///home/michal/mwarszczynski/git_repo/Python/portfolio/1.book_list/app/templates/list_of_books.html
[Server(92659) file:///home/michal/mwarszczynski/git_repo/Python/portfolio/1.book_list] Document changed: file:///home/michal/mwarszczynski/git_repo/Python/portfolio/1.book_list/app/templates/list_of_books.html
Invalid Selector...
[Server(92659) file:///home/michal/mwarszczynski/git_repo/Python/portfolio/1.book_list] Document changed: file:///home/michal/mwarszczynski/git_repo/Python/portfolio/1.book_list/app/templates/list_of_books.html
[Server(92659) file:///home/michal/mwarszczynski/git_repo/Python/portfolio/1.book_list] Document changed: file:///home/michal/mwarszczynski/git_repo/Python/portfolio/1.book_list/app/templates/list_of_books.html
[Server(92659) file:///home/michal/mwarszczynski/git_repo/Python/portfolio/1.book_list] Document changed: file:///home/michal/mwarszczynski/git_repo/Python/portfolio/1.book_list/app/templates/list_of_books.html
Invalid Selector...
Found CSS selector of type null and value thead
Searching for symbol
Found 21 symbols in file:///home/michal/mwarszczynski/git_repo/Python/portfolio/1.book_list/app/static/css/main.css
[Server(92659) file:///home/michal/mwarszczynski/git_repo/Python/portfolio/1.book_list] Document changed: file:///home/michal/mwarszczynski/git_repo/Python/portfolio/1.book_list/app/templates/list_of_books.html
[Server(92659) file:///home/michal/mwarszczynski/git_repo/Python/portfolio/1.book_list] Document changed: file:///home/michal/mwarszczynski/git_repo/Python/portfolio/1.book_list/app/templates/list_of_books.html
[Server(92659) file:///home/michal/mwarszczynski/git_repo/Python/portfolio/1.book_list] Document changed: file:///home/michal/mwarszczynski/git_repo/Python/portfolio/1.book_list/app/templates/list_of_books.html
[Server(92659) file:///home/michal/mwarszczynski/git_repo/Python/portfolio/1.book_list] Document changed: file:///home/michal/mwarszczynski/git_repo/Python/portfolio/1.book_list/app/templates/list_of_books.html
[Server(92659) file:///home/michal/mwarszczynski/git_repo/Python/portfolio/1.book_list] Document changed: file:///home/michal/mwarszczynski/git_repo/Python/portfolio/1.book_list/app/templates/list_of_books.html
[Server(92659) file:///home/michal/mwarszczynski/git_repo/Python/portfolio/1.book_list] Document changed: file:///home/michal/mwarszczynski/git_repo/Python/portfolio/1.book_list/app/templates/list_of_books.html
[Server(92659) file:///home/michal/mwarszczynski/git_repo/Python/portfolio/1.book_list] Document changed: file:///home/michal/mwarszczynski/git_repo/Python/portfolio/1.book_list/app/templates/list_of_books.html
[Server(92659) file:///home/michal/mwarszczynski/git_repo/Python/portfolio/1.book_list] Document changed: file:///home/michal/mwarszczynski/git_repo/Python/portfolio/1.book_list/app/templates/list_of_books.html
[Server(92659) file:///home/michal/mwarszczynski/git_repo/Python/portfolio/1.book_list] Document changed: file:///home/michal/mwarszczynski/git_repo/Python/portfolio/1.book_list/app/templates/list_of_books.html
[Server(92659) file:///home/michal/mwarszczynski/git_repo/Python/portfolio/1.book_list] Document changed: file:///home/michal/mwarszczynski/git_repo/Python/portfolio/1.book_list/app/templates/list_of_books.html
[Server(92659) file:///home/michal/mwarszczynski/git_repo/Python/portfolio/1.book_list] Document changed: file:///home/michal/mwarszczynski/git_repo/Python/portfolio/1.book_list/app/templates/list_of_books.html
[Server(92659) file:///home/michal/mwarszczynski/git_repo/Python/portfolio/1.book_list] Document changed: file:///home/michal/mwarszczynski/git_repo/Python/portfolio/1.book_list/app/templates/list_of_books.html
[Server(92659) file:///home/michal/mwarszczynski/git_repo/Python/portfolio/1.book_list] Document changed: file:///home/michal/mwarszczynski/git_repo/Python/portfolio/1.book_list/app/templates/list_of_books.html
[Server(92659) file:///home/michal/mwarszczynski/git_repo/Python/portfolio/1.book_list] Document changed: file:///home/michal/mwarszczynski/git_repo/Python/portfolio/1.book_list/app/templates/list_of_books.html
[Server(92659) file:///home/michal/mwarszczynski/git_repo/Python/portfolio/1.book_list] Document changed: file:///home/michal/mwarszczynski/git_repo/Python/portfolio/1.book_list/app/templates/list_of_books.html
[Server(92659) file:///home/michal/mwarszczynski/git_repo/Python/portfolio/1.book_list] Document changed: file:///home/michal/mwarszczynski/git_repo/Python/portfolio/1.book_list/app/templates/list_of_books.html
[Server(92659) file:///home/michal/mwarszczynski/git_repo/Python/portfolio/1.book_list] Document changed: file:///home/michal/mwarszczynski/git_repo/Python/portfolio/1.book_list/app/templates/list_of_books.html
[Server(92659) file:///home/michal/mwarszczynski/git_repo/Python/portfolio/1.book_list] Document changed: file:///home/michal/mwarszczynski/git_repo/Python/portfolio/1.book_list/app/templates/list_of_books.html
Invalid Selector...
[Server(92659) file:///home/michal/mwarszczynski/git_repo/Python/portfolio/1.book_list] Document changed: file:///home/michal/mwarszczynski/git_repo/Python/portfolio/1.book_list/app/templates/list_of_books.html
[Server(92659) file:///home/michal/mwarszczynski/git_repo/Python/portfolio/1.book_list] Document changed: file:///home/michal/mwarszczynski/git_repo/Python/portfolio/1.book_list/app/templates/list_of_books.html
[Server(92659) file:///home/michal/mwarszczynski/git_repo/Python/portfolio/1.book_list] Document changed: file:///home/michal/mwarszczynski/git_repo/Python/portfolio/1.book_list/app/templates/list_of_books.html
Invalid Selector...
Invalid Selector...
Invalid Selector...
[Server(92659) file:///home/michal/mwarszczynski/git_repo/Python/portfolio/1.book_list] Document changed: file:///home/michal/mwarszczynski/git_repo/Python/portfolio/1.book_list/app/templates/list_of_books.html
[Server(92659) file:///home/michal/mwarszczynski/git_repo/Python/portfolio/1.book_list] Document changed: file:///home/michal/mwarszczynski/git_repo/Python/portfolio/1.book_list/app/templates/list_of_books.html
[Server(92659) file:///home/michal/mwarszczynski/git_repo/Python/portfolio/1.book_list] Document changed: file:///home/michal/mwarszczynski/git_repo/Python/portfolio/1.book_list/app/templates/list_of_books.html
[Server(92659) file:///home/michal/mwarszczynski/git_repo/Python/portfolio/1.book_list] Document changed: file:///home/michal/mwarszczynski/git_repo/Python/portfolio/1.book_list/app/templates/list_of_books.html
[Server(92659) file:///home/michal/mwarszczynski/git_repo/Python/portfolio/1.book_list] Document changed: file:///home/michal/mwarszczynski/git_repo/Python/portfolio/1.book_list/app/templates/list_of_books.html
[Server(92659) file:///home/michal/mwarszczynski/git_repo/Python/portfolio/1.book_list] Document changed: file:///home/michal/mwarszczynski/git_repo/Python/portfolio/1.book_list/app/templates/list_of_books.html
[Server(92659) file:///home/michal/mwarszczynski/git_repo/Python/portfolio/1.book_list] Document changed: file:///home/michal/mwarszczynski/git_repo/Python/portfolio/1.book_list/app/templates/list_of_books.html
[Server(92659) file:///home/michal/mwarszczynski/git_repo/Python/portfolio/1.book_list] Document changed: file:///home/michal/mwarszczynski/git_repo/Python/portfolio/1.book_list/app/templates/list_of_books.html
Invalid Selector...
[Server(92659) file:///home/michal/mwarszczynski/git_repo/Python/portfolio/1.book_list] Document changed: file:///home/michal/mwarszczynski/git_repo/Python/portfolio/1.book_list/app/templates/list_of_books.html
[Server(92659) file:///home/michal/mwarszczynski/git_repo/Python/portfolio/1.book_list] Document changed: file:///home/michal/mwarszczynski/git_repo/Python/portfolio/1.book_list/app/templates/list_of_books.html
[Server(92659) file:///home/michal/mwarszczynski/git_repo/Python/portfolio/1.book_list] Document changed: file:///home/michal/mwarszczynski/git_repo/Python/portfolio/1.book_list/app/templates/list_of_books.html
[Server(92659) file:///home/michal/mwarszczynski/git_repo/Python/portfolio/1.book_list] Document changed: file:///home/michal/mwarszczynski/git_repo/Python/portfolio/1.book_list/app/templates/list_of_books.html
[Server(92659) file:///home/michal/mwarszczynski/git_repo/Python/portfolio/1.book_list] Document changed: file:///home/michal/mwarszczynski/git_repo/Python/portfolio/1.book_list/app/templates/list_of_books.html
[Server(92659) file:///home/michal/mwarszczynski/git_repo/Python/portfolio/1.book_list] Document changed: file:///home/michal/mwarszczynski/git_repo/Python/portfolio/1.book_list/app/templates/list_of_books.html
[Server(92659) file:///home/michal/mwarszczynski/git_repo/Python/portfolio/1.book_list] Document changed: file:///home/michal/mwarszczynski/git_repo/Python/portfolio/1.book_list/app/templates/list_of_books.html
[Server(92659) file:///home/michal/mwarszczynski/git_repo/Python/portfolio/1.book_list] Document changed: file:///home/michal/mwarszczynski/git_repo/Python/portfolio/1.book_list/app/templates/list_of_books.html
[Server(92659) file:///home/michal/mwarszczynski/git_repo/Python/portfolio/1.book_list] Document changed: file:///home/michal/mwarszczynski/git_repo/Python/portfolio/1.book_list/app/templates/list_of_books.html
[Server(92659) file:///home/michal/mwarszczynski/git_repo/Python/portfolio/1.book_list] Document changed: file:///home/michal/mwarszczynski/git_repo/Python/portfolio/1.book_list/app/templates/list_of_books.html
[Server(92659) file:///home/michal/mwarszczynski/git_repo/Python/portfolio/1.book_list] Document changed: file:///home/michal/mwarszczynski/git_repo/Python/portfolio/1.book_list/app/templates/list_of_books.html
[Server(92659) file:///home/michal/mwarszczynski/git_repo/Python/portfolio/1.book_list] Document changed: file:///home/michal/mwarszczynski/git_repo/Python/portfolio/1.book_list/app/templates/list_of_books.html
[Server(92659) file:///home/michal/mwarszczynski/git_repo/Python/portfolio/1.book_list] Document changed: file:///home/michal/mwarszczynski/git_repo/Python/portfolio/1.book_list/app/templates/list_of_books.html
[Server(92659) file:///home/michal/mwarszczynski/git_repo/Python/portfolio/1.book_list] Document changed: file:///home/michal/mwarszczynski/git_repo/Python/portfolio/1.book_list/app/templates/list_of_books.html
[Server(92659) file:///home/michal/mwarszczynski/git_repo/Python/portfolio/1.book_list] Document changed: file:///home/michal/mwarszczynski/git_repo/Python/portfolio/1.book_list/app/templates/list_of_books.html
Invalid Selector...
[Server(92659) file:///home/michal/mwarszczynski/git_repo/Python/portfolio/1.book_list] Document changed: file:///home/michal/mwarszczynski/git_repo/Python/portfolio/1.book_list/app/templates/list_of_books.html
Invalid Selector...
Invalid Selector...
Invalid Selector...
[Server(92659) file:///home/michal/mwarszczynski/git_repo/Python/portfolio/1.book_list] Document changed: file:///home/michal/mwarszczynski/git_repo/Python/portfolio/1.book_list/app/templates/list_of_books.html
[Server(92659) file:///home/michal/mwarszczynski/git_repo/Python/portfolio/1.book_list] Document changed: file:///home/michal/mwarszczynski/git_repo/Python/portfolio/1.book_list/app/templates/list_of_books.html
[Server(92659) file:///home/michal/mwarszczynski/git_repo/Python/portfolio/1.book_list] Document changed: file:///home/michal/mwarszczynski/git_repo/Python/portfolio/1.book_list/app/templates/list_of_books.html
[Server(92659) file:///home/michal/mwarszczynski/git_repo/Python/portfolio/1.book_list] Document changed: file:///home/michal/mwarszczynski/git_repo/Python/portfolio/1.book_list/app/templates/list_of_books.html
[Server(92659) file:///home/michal/mwarszczynski/git_repo/Python/portfolio/1.book_list] Document changed: file:///home/michal/mwarszczynski/git_repo/Python/portfolio/1.book_list/app/templates/list_of_books.html
[Server(92659) file:///home/michal/mwarszczynski/git_repo/Python/portfolio/1.book_list] Document changed: file:///home/michal/mwarszczynski/git_repo/Python/portfolio/1.book_list/app/templates/list_of_books.html
[Server(92659) file:///home/michal/mwarszczynski/git_repo/Python/portfolio/1.book_list] Document changed: file:///home/michal/mwarszczynski/git_repo/Python/portfolio/1.book_list/app/templates/list_of_books.html
[Server(92659) file:///home/michal/mwarszczynski/git_repo/Python/portfolio/1.book_list] Document changed: file:///home/michal/mwarszczynski/git_repo/Python/portfolio/1.book_list/app/templates/list_of_books.html
[Server(92659) file:///home/michal/mwarszczynski/git_repo/Python/portfolio/1.book_list] Document changed: file:///home/michal/mwarszczynski/git_repo/Python/portfolio/1.book_list/app/templates/list_of_books.html
[Server(92659) file:///home/michal/mwarszczynski/git_repo/Python/portfolio/1.book_list] Document changed: file:///home/michal/mwarszczynski/git_repo/Python/portfolio/1.book_list/app/templates/list_of_books.html
[Server(92659) file:///home/michal/mwarszczynski/git_repo/Python/portfolio/1.book_list] Document changed: file:///home/michal/mwarszczynski/git_repo/Python/portfolio/1.book_list/app/templates/list_of_books.html
[Server(92659) file:///home/michal/mwarszczynski/git_repo/Python/portfolio/1.book_list] Document changed: file:///home/michal/mwarszczynski/git_repo/Python/portfolio/1.book_list/app/templates/list_of_books.html
[Server(92659) file:///home/michal/mwarszczynski/git_repo/Python/portfolio/1.book_list] Document changed: file:///home/michal/mwarszczynski/git_repo/Python/portfolio/1.book_list/app/templates/list_of_books.html
[Server(92659) file:///home/michal/mwarszczynski/git_repo/Python/portfolio/1.book_list] Document changed: file:///home/michal/mwarszczynski/git_repo/Python/portfolio/1.book_list/app/templates/list_of_books.html
[Server(92659) file:///home/michal/mwarszczynski/git_repo/Python/portfolio/1.book_list] Document changed: file:///home/michal/mwarszczynski/git_repo/Python/portfolio/1.book_list/app/templates/list_of_books.html
Invalid Selector...
Invalid Selector...
[Server(92659) file:///home/michal/mwarszczynski/git_repo/Python/portfolio/1.book_list] Document changed: file:///home/michal/mwarszczynski/git_repo/Python/portfolio/1.book_list/app/templates/list_of_books.html
[Server(92659) file:///home/michal/mwarszczynski/git_repo/Python/portfolio/1.book_list] Document changed: file:///home/michal/mwarszczynski/git_repo/Python/portfolio/1.book_list/app/templates/list_of_books.html
Invalid Selector...
Invalid Selector...
[Server(92659) file:///home/michal/mwarszczynski/git_repo/Python/portfolio/1.book_list] Document changed: file:///home/michal/mwarszczynski/git_repo/Python/portfolio/1.book_list/app/templates/list_of_books.html
[Server(92659) file:///home/michal/mwarszczynski/git_repo/Python/portfolio/1.book_list] Document changed: file:///home/michal/mwarszczynski/git_repo/Python/portfolio/1.book_list/app/templates/list_of_books.html
Invalid Selector...
Invalid Selector...
[Server(92659) file:///home/michal/mwarszczynski/git_repo/Python/portfolio/1.book_list] Document changed: file:///home/michal/mwarszczynski/git_repo/Python/portfolio/1.book_list/app/templates/list_of_books.html
[Server(92659) file:///home/michal/mwarszczynski/git_repo/Python/portfolio/1.book_list] Document changed: file:///home/michal/mwarszczynski/git_repo/Python/portfolio/1.book_list/app/templates/list_of_books.html
[Server(92659) file:///home/michal/mwarszczynski/git_repo/Python/portfolio/1.book_list] Document changed: file:///home/michal/mwarszczynski/git_repo/Python/portfolio/1.book_list/app/templates/list_of_books.html
[Server(92659) file:///home/michal/mwarszczynski/git_repo/Python/portfolio/1.book_list] Document changed: file:///home/michal/mwarszczynski/git_repo/Python/portfolio/1.book_list/app/templates/list_of_books.html
[Server(92659) file:///home/michal/mwarszczynski/git_repo/Python/portfolio/1.book_list] Document changed: file:///home/michal/mwarszczynski/git_repo/Python/portfolio/1.book_list/app/templates/list_of_books.html
[Server(92659) file:///home/michal/mwarszczynski/git_repo/Python/portfolio/1.book_list] Document changed: file:///home/michal/mwarszczynski/git_repo/Python/portfolio/1.book_list/app/templates/list_of_books.html
[Server(92659) file:///home/michal/mwarszczynski/git_repo/Python/portfolio/1.book_list] Document changed: file:///home/michal/mwarszczynski/git_repo/Python/portfolio/1.book_list/app/templates/list_of_books.html
Found CSS selector of type class and value col-md-1
Searching for symbol
Found 21 symbols in file:///home/michal/mwarszczynski/git_repo/Python/portfolio/1.book_list/app/static/css/main.css
Found CSS selector of type class and value col-md-1
Searching for symbol
Found 21 symbols in file:///home/michal/mwarszczynski/git_repo/Python/portfolio/1.book_list/app/static/css/main.css
[Server(92659) file:///home/michal/mwarszczynski/git_repo/Python/portfolio/1.book_list] Document changed: file:///home/michal/mwarszczynski/git_repo/Python/portfolio/1.book_list/app/templates/list_of_books.html
[Server(92659) file:///home/michal/mwarszczynski/git_repo/Python/portfolio/1.book_list] Document changed: file:///home/michal/mwarszczynski/git_repo/Python/portfolio/1.book_list/app/templates/list_of_books.html
[Server(92659) file:///home/michal/mwarszczynski/git_repo/Python/portfolio/1.book_list] Document changed: file:///home/michal/mwarszczynski/git_repo/Python/portfolio/1.book_list/app/templates/list_of_books.html
[Server(92659) file:///home/michal/mwarszczynski/git_repo/Python/portfolio/1.book_list] Document changed: file:///home/michal/mwarszczynski/git_repo/Python/portfolio/1.book_list/app/templates/list_of_books.html
Found CSS selector of type null and value td
Searching for symbol
Found 21 symbols in file:///home/michal/mwarszczynski/git_repo/Python/portfolio/1.book_list/app/static/css/main.css
Invalid Selector...
Invalid Selector...
[Server(92659) file:///home/michal/mwarszczynski/git_repo/Python/portfolio/1.book_list] Document changed: file:///home/michal/mwarszczynski/git_repo/Python/portfolio/1.book_list/app/templates/list_of_books.html
[Server(92659) file:///home/michal/mwarszczynski/git_repo/Python/portfolio/1.book_list] Document changed: file:///home/michal/mwarszczynski/git_repo/Python/portfolio/1.book_list/app/templates/list_of_books.html
[Server(92659) file:///home/michal/mwarszczynski/git_repo/Python/portfolio/1.book_list] Document changed: file:///home/michal/mwarszczynski/git_repo/Python/portfolio/1.book_list/app/templates/list_of_books.html
[Server(92659) file:///home/michal/mwarszczynski/git_repo/Python/portfolio/1.book_list] Document changed: file:///home/michal/mwarszczynski/git_repo/Python/portfolio/1.book_list/app/templates/list_of_books.html
[Server(92659) file:///home/michal/mwarszczynski/git_repo/Python/portfolio/1.book_list] Document changed: file:///home/michal/mwarszczynski/git_repo/Python/portfolio/1.book_list/app/templates/list_of_books.html
[Server(92659) file:///home/michal/mwarszczynski/git_repo/Python/portfolio/1.book_list] Document changed: file:///home/michal/mwarszczynski/git_repo/Python/portfolio/1.book_list/app/templates/list_of_books.html
[Server(92659) file:///home/michal/mwarszczynski/git_repo/Python/portfolio/1.book_list] Document changed: file:///home/michal/mwarszczynski/git_repo/Python/portfolio/1.book_list/app/templates/list_of_books.html
[Server(92659) file:///home/michal/mwarszczynski/git_repo/Python/portfolio/1.book_list] Document changed: file:///home/michal/mwarszczynski/git_repo/Python/portfolio/1.book_list/app/templates/list_of_books.html
[Server(92659) file:///home/michal/mwarszczynski/git_repo/Python/portfolio/1.book_list] Document changed: file:///home/michal/mwarszczynski/git_repo/Python/portfolio/1.book_list/app/templates/list_of_books.html
[Server(92659) file:///home/michal/mwarszczynski/git_repo/Python/portfolio/1.book_list] Document changed: file:///home/michal/mwarszczynski/git_repo/Python/portfolio/1.book_list/app/templates/list_of_books.html
[Server(92659) file:///home/michal/mwarszczynski/git_repo/Python/portfolio/1.book_list] Document changed: file:///home/michal/mwarszczynski/git_repo/Python/portfolio/1.book_list/app/templates/list_of_books.html
[Server(92659) file:///home/michal/mwarszczynski/git_repo/Python/portfolio/1.book_list] Document changed: file:///home/michal/mwarszczynski/git_repo/Python/portfolio/1.book_list/app/templates/list_of_books.html
[Server(92659) file:///home/michal/mwarszczynski/git_repo/Python/portfolio/1.book_list] Document changed: file:///home/michal/mwarszczynski/git_repo/Python/portfolio/1.book_list/app/templates/list_of_books.html
[Server(92659) file:///home/michal/mwarszczynski/git_repo/Python/portfolio/1.book_list] Document changed: file:///home/michal/mwarszczynski/git_repo/Python/portfolio/1.book_list/app/templates/list_of_books.html
[Server(92659) file:///home/michal/mwarszczynski/git_repo/Python/portfolio/1.book_list] Document changed: file:///home/michal/mwarszczynski/git_repo/Python/portfolio/1.book_list/app/templates/list_of_books.html
[Server(92659) file:///home/michal/mwarszczynski/git_repo/Python/portfolio/1.book_list] Document changed: file:///home/michal/mwarszczynski/git_repo/Python/portfolio/1.book_list/app/templates/list_of_books.html
[Server(92659) file:///home/michal/mwarszczynski/git_repo/Python/portfolio/1.book_list] Document changed: file:///home/michal/mwarszczynski/git_repo/Python/portfolio/1.book_list/app/templates/list_of_books.html
[Server(92659) file:///home/michal/mwarszczynski/git_repo/Python/portfolio/1.book_list] Document changed: file:///home/michal/mwarszczynski/git_repo/Python/portfolio/1.book_list/app/templates/list_of_books.html
[Server(92659) file:///home/michal/mwarszczynski/git_repo/Python/portfolio/1.book_list] Document changed: file:///home/michal/mwarszczynski/git_repo/Python/portfolio/1.book_list/app/templates/list_of_books.html
[Server(92659) file:///home/michal/mwarszczynski/git_repo/Python/portfolio/1.book_list] Document changed: file:///home/michal/mwarszczynski/git_repo/Python/portfolio/1.book_list/app/templates/list_of_books.html
[Server(92659) file:///home/michal/mwarszczynski/git_repo/Python/portfolio/1.book_list] Document changed: file:///home/michal/mwarszczynski/git_repo/Python/portfolio/1.book_list/app/templates/list_of_books.html
[Server(92659) file:///home/michal/mwarszczynski/git_repo/Python/portfolio/1.book_list] Document changed: file:///home/michal/mwarszczynski/git_repo/Python/portfolio/1.book_list/app/templates/list_of_books.html
[Server(92659) file:///home/michal/mwarszczynski/git_repo/Python/portfolio/1.book_list] Document changed: file:///home/michal/mwarszczynski/git_repo/Python/portfolio/1.book_list/app/templates/list_of_books.html
[Server(92659) file:///home/michal/mwarszczynski/git_repo/Python/portfolio/1.book_list] Document changed: file:///home/michal/mwarszczynski/git_repo/Python/portfolio/1.book_list/app/templates/list_of_books.html
[Server(92659) file:///home/michal/mwarszczynski/git_repo/Python/portfolio/1.book_list] Document changed: file:///home/michal/mwarszczynski/git_repo/Python/portfolio/1.book_list/app/templates/list_of_books.html
[Server(92659) file:///home/michal/mwarszczynski/git_repo/Python/portfolio/1.book_list] Document changed: file:///home/michal/mwarszczynski/git_repo/Python/portfolio/1.book_list/app/templates/list_of_books.html
[Server(92659) file:///home/michal/mwarszczynski/git_repo/Python/portfolio/1.book_list] Document changed: file:///home/michal/mwarszczynski/git_repo/Python/portfolio/1.book_list/app/templates/list_of_books.html
[Server(92659) file:///home/michal/mwarszczynski/git_repo/Python/portfolio/1.book_list] Document changed: file:///home/michal/mwarszczynski/git_repo/Python/portfolio/1.book_list/app/templates/list_of_books.html
[Server(92659) file:///home/michal/mwarszczynski/git_repo/Python/portfolio/1.book_list] Document changed: file:///home/michal/mwarszczynski/git_repo/Python/portfolio/1.book_list/app/templates/list_of_books.html
[Server(92659) file:///home/michal/mwarszczynski/git_repo/Python/portfolio/1.book_list] Document changed: file:///home/michal/mwarszczynski/git_repo/Python/portfolio/1.book_list/app/templates/list_of_books.html
[Server(92659) file:///home/michal/mwarszczynski/git_repo/Python/portfolio/1.book_list] Document changed: file:///home/michal/mwarszczynski/git_repo/Python/portfolio/1.book_list/app/templates/list_of_books.html
[Server(92659) file:///home/michal/mwarszczynski/git_repo/Python/portfolio/1.book_list] Document changed: file:///home/michal/mwarszczynski/git_repo/Python/portfolio/1.book_list/app/templates/list_of_books.html
Found CSS selector of type class and value col-4
Searching for symbol
Found 21 symbols in file:///home/michal/mwarszczynski/git_repo/Python/portfolio/1.book_list/app/static/css/main.css
Found CSS selector of type class and value col-4
Searching for symbol
Found 21 symbols in file:///home/michal/mwarszczynski/git_repo/Python/portfolio/1.book_list/app/static/css/main.css
Invalid Selector...
Invalid Selector...
Invalid Selector...
[Server(92659) file:///home/michal/mwarszczynski/git_repo/Python/portfolio/1.book_list] Document changed: file:///home/michal/mwarszczynski/git_repo/Python/portfolio/1.book_list/app/templates/list_of_books.html
Invalid Selector...
[Server(92659) file:///home/michal/mwarszczynski/git_repo/Python/portfolio/1.book_list] Document changed: file:///home/michal/mwarszczynski/git_repo/Python/portfolio/1.book_list/app/templates/list_of_books.html
Invalid Selector...
Invalid Selector...
[Server(92659) file:///home/michal/mwarszczynski/git_repo/Python/portfolio/1.book_list] Document changed: file:///home/michal/mwarszczynski/git_repo/Python/portfolio/1.book_list/app/templates/list_of_books.html
Invalid Selector...
Invalid Selector...
Invalid Selector...
[Server(92659) file:///home/michal/mwarszczynski/git_repo/Python/portfolio/1.book_list] Document changed: file:///home/michal/mwarszczynski/git_repo/Python/portfolio/1.book_list/app/templates/list_of_books.html
[Server(92659) file:///home/michal/mwarszczynski/git_repo/Python/portfolio/1.book_list] Document changed: file:///home/michal/mwarszczynski/git_repo/Python/portfolio/1.book_list/app/templates/list_of_books.html
[Server(92659) file:///home/michal/mwarszczynski/git_repo/Python/portfolio/1.book_list] Document changed: file:///home/michal/mwarszczynski/git_repo/Python/portfolio/1.book_list/app/templates/list_of_books.html
[Server(92659) file:///home/michal/mwarszczynski/git_repo/Python/portfolio/1.book_list] Document changed: file:///home/michal/mwarszczynski/git_repo/Python/portfolio/1.book_list/app/templates/list_of_books.html
Invalid Selector...
[Server(92659) file:///home/michal/mwarszczynski/git_repo/Python/portfolio/1.book_list] Document changed: file:///home/michal/mwarszczynski/git_repo/Python/portfolio/1.book_list/app/templates/list_of_books.html
[Server(92659) file:///home/michal/mwarszczynski/git_repo/Python/portfolio/1.book_list] Document changed: file:///home/michal/mwarszczynski/git_repo/Python/portfolio/1.book_list/app/templates/list_of_books.html
[Server(92659) file:///home/michal/mwarszczynski/git_repo/Python/portfolio/1.book_list] Document changed: file:///home/michal/mwarszczynski/git_repo/Python/portfolio/1.book_list/app/templates/list_of_books.html
Invalid Selector...
Invalid Selector...
Invalid Selector...
[Server(92659) file:///home/michal/mwarszczynski/git_repo/Python/portfolio/1.book_list] Document changed: file:///home/michal/mwarszczynski/git_repo/Python/portfolio/1.book_list/app/templates/list_of_books.html
[Server(92659) file:///home/michal/mwarszczynski/git_repo/Python/portfolio/1.book_list] Document changed: file:///home/michal/mwarszczynski/git_repo/Python/portfolio/1.book_list/app/templates/list_of_books.html
[Server(92659) file:///home/michal/mwarszczynski/git_repo/Python/portfolio/1.book_list] Document changed: file:///home/michal/mwarszczynski/git_repo/Python/portfolio/1.book_list/app/templates/list_of_books.html
[Server(92659) file:///home/michal/mwarszczynski/git_repo/Python/portfolio/1.book_list] Document changed: file:///home/michal/mwarszczynski/git_repo/Python/portfolio/1.book_list/app/templates/list_of_books.html
[Server(92659) file:///home/michal/mwarszczynski/git_repo/Python/portfolio/1.book_list] Document changed: file:///home/michal/mwarszczynski/git_repo/Python/portfolio/1.book_list/app/templates/list_of_books.html
[Server(92659) file:///home/michal/mwarszczynski/git_repo/Python/portfolio/1.book_list] Document changed: file:///home/michal/mwarszczynski/git_repo/Python/portfolio/1.book_list/app/templates/list_of_books.html
[Server(92659) file:///home/michal/mwarszczynski/git_repo/Python/portfolio/1.book_list] Document changed: file:///home/michal/mwarszczynski/git_repo/Python/portfolio/1.book_list/app/templates/list_of_books.html
Invalid Selector...
Invalid Selector...
[Server(92659) file:///home/michal/mwarszczynski/git_repo/Python/portfolio/1.book_list] Document changed: file:///home/michal/mwarszczynski/git_repo/Python/portfolio/1.book_list/app/templates/list_of_books.html
[Server(92659) file:///home/michal/mwarszczynski/git_repo/Python/portfolio/1.book_list] Document changed: file:///home/michal/mwarszczynski/git_repo/Python/portfolio/1.book_list/app/templates/list_of_books.html
[Server(92659) file:///home/michal/mwarszczynski/git_repo/Python/portfolio/1.book_list] Document changed: file:///home/michal/mwarszczynski/git_repo/Python/portfolio/1.book_list/app/templates/list_of_books.html
Invalid Selector...
[Server(92659) file:///home/michal/mwarszczynski/git_repo/Python/portfolio/1.book_list] Document changed: file:///home/michal/mwarszczynski/git_repo/Python/portfolio/1.book_list/app/templates/list_of_books.html
[Server(92659) file:///home/michal/mwarszczynski/git_repo/Python/portfolio/1.book_list] Document changed: file:///home/michal/mwarszczynski/git_repo/Python/portfolio/1.book_list/app/templates/list_of_books.html
[Server(92659) file:///home/michal/mwarszczynski/git_repo/Python/portfolio/1.book_list] Document changed: file:///home/michal/mwarszczynski/git_repo/Python/portfolio/1.book_list/app/templates/list_of_books.html
[Server(92659) file:///home/michal/mwarszczynski/git_repo/Python/portfolio/1.book_list] Document changed: file:///home/michal/mwarszczynski/git_repo/Python/portfolio/1.book_list/app/templates/list_of_books.html
Invalid Selector...
Invalid Selector...
Found CSS selector of type class and value col-4
Searching for symbol
Found 21 symbols in file:///home/michal/mwarszczynski/git_repo/Python/portfolio/1.book_list/app/static/css/main.css
[Server(92659) file:///home/michal/mwarszczynski/git_repo/Python/portfolio/1.book_list] Document changed: file:///home/michal/mwarszczynski/git_repo/Python/portfolio/1.book_list/app/templates/list_of_books.html
[Server(92659) file:///home/michal/mwarszczynski/git_repo/Python/portfolio/1.book_list] Document changed: file:///home/michal/mwarszczynski/git_repo/Python/portfolio/1.book_list/app/templates/list_of_books.html
Invalid Selector...
[Server(92659) file:///home/michal/mwarszczynski/git_repo/Python/portfolio/1.book_list] Document changed: file:///home/michal/mwarszczynski/git_repo/Python/portfolio/1.book_list/app/templates/list_of_books.html
[Server(92659) file:///home/michal/mwarszczynski/git_repo/Python/portfolio/1.book_list] Document changed: file:///home/michal/mwarszczynski/git_repo/Python/portfolio/1.book_list/app/templates/list_of_books.html
[Server(92659) file:///home/michal/mwarszczynski/git_repo/Python/portfolio/1.book_list] Document changed: file:///home/michal/mwarszczynski/git_repo/Python/portfolio/1.book_list/app/templates/list_of_books.html
[Server(92659) file:///home/michal/mwarszczynski/git_repo/Python/portfolio/1.book_list] Document changed: file:///home/michal/mwarszczynski/git_repo/Python/portfolio/1.book_list/app/templates/list_of_books.html
[Server(92659) file:///home/michal/mwarszczynski/git_repo/Python/portfolio/1.book_list] Document changed: file:///home/michal/mwarszczynski/git_repo/Python/portfolio/1.book_list/app/templates/list_of_books.html
[Server(92659) file:///home/michal/mwarszczynski/git_repo/Python/portfolio/1.book_list] Document changed: file:///home/michal/mwarszczynski/git_repo/Python/portfolio/1.book_list/app/templates/list_of_books.html
[Server(92659) file:///home/michal/mwarszczynski/git_repo/Python/portfolio/1.book_list] Document changed: file:///home/michal/mwarszczynski/git_repo/Python/portfolio/1.book_list/app/templates/list_of_books.html
[Server(92659) file:///home/michal/mwarszczynski/git_repo/Python/portfolio/1.book_list] Document changed: file:///home/michal/mwarszczynski/git_repo/Python/portfolio/1.book_list/app/templates/list_of_books.html
[Server(92659) file:///home/michal/mwarszczynski/git_repo/Python/portfolio/1.book_list] Document changed: file:///home/michal/mwarszczynski/git_repo/Python/portfolio/1.book_list/app/templates/list_of_books.html
[Server(92659) file:///home/michal/mwarszczynski/git_repo/Python/portfolio/1.book_list] Document changed: file:///home/michal/mwarszczynski/git_repo/Python/portfolio/1.book_list/app/templates/list_of_books.html
[Server(92659) file:///home/michal/mwarszczynski/git_repo/Python/portfolio/1.book_list] Document changed: file:///home/michal/mwarszczynski/git_repo/Python/portfolio/1.book_list/app/templates/list_of_books.html
[Server(92659) file:///home/michal/mwarszczynski/git_repo/Python/portfolio/1.book_list] Document changed: file:///home/michal/mwarszczynski/git_repo/Python/portfolio/1.book_list/app/templates/list_of_books.html
[Server(92659) file:///home/michal/mwarszczynski/git_repo/Python/portfolio/1.book_list] Document changed: file:///home/michal/mwarszczynski/git_repo/Python/portfolio/1.book_list/app/templates/list_of_books.html
[Server(92659) file:///home/michal/mwarszczynski/git_repo/Python/portfolio/1.book_list] Document changed: file:///home/michal/mwarszczynski/git_repo/Python/portfolio/1.book_list/app/templates/list_of_books.html
[Server(92659) file:///home/michal/mwarszczynski/git_repo/Python/portfolio/1.book_list] Document changed: file:///home/michal/mwarszczynski/git_repo/Python/portfolio/1.book_list/app/templates/list_of_books.html
[Server(92659) file:///home/michal/mwarszczynski/git_repo/Python/portfolio/1.book_list] Document changed: file:///home/michal/mwarszczynski/git_repo/Python/portfolio/1.book_list/app/templates/list_of_books.html
[Server(92659) file:///home/michal/mwarszczynski/git_repo/Python/portfolio/1.book_list] Document changed: file:///home/michal/mwarszczynski/git_repo/Python/portfolio/1.book_list/app/templates/list_of_books.html
Invalid Selector...
Invalid Selector...
Invalid Selector...
Invalid Selector...
Invalid Selector...
[Server(92659) file:///home/michal/mwarszczynski/git_repo/Python/portfolio/1.book_list] Document changed: file:///home/michal/mwarszczynski/git_repo/Python/portfolio/1.book_list/app/templates/list_of_books.html
Invalid Selector...
Invalid Selector...
Found CSS selector of type class and value col-3
Searching for symbol
Found 21 symbols in file:///home/michal/mwarszczynski/git_repo/Python/portfolio/1.book_list/app/static/css/main.css
Invalid Selector...
[Server(92659) file:///home/michal/mwarszczynski/git_repo/Python/portfolio/1.book_list] Document changed: file:///home/michal/mwarszczynski/git_repo/Python/portfolio/1.book_list/app/templates/list_of_books.html
[Server(92659) file:///home/michal/mwarszczynski/git_repo/Python/portfolio/1.book_list] Document changed: file:///home/michal/mwarszczynski/git_repo/Python/portfolio/1.book_list/app/templates/list_of_books.html
[Server(92659) file:///home/michal/mwarszczynski/git_repo/Python/portfolio/1.book_list] Document changed: file:///home/michal/mwarszczynski/git_repo/Python/portfolio/1.book_list/app/templates/list_of_books.html
[Server(92659) file:///home/michal/mwarszczynski/git_repo/Python/portfolio/1.book_list] Document changed: file:///home/michal/mwarszczynski/git_repo/Python/portfolio/1.book_list/app/templates/list_of_books.html
